GeneralQuiz/android/app/build/outputs/mapping/release/seeds.txt
com.pegasusgames.generalquiz.MainActivity
com.pegasusgames.generalquiz.MainActivity$NativeBridge: void showRewarded(java.lang.String)
com.pegasusgames.generalquiz.MainActivity$NativeBridge: void showInterstitial()
com.pegasusgames.generalquiz.MainActivity: MainActivity()
com.pegasusgames.generalquiz.MainActivity$NativeBridge: void log(java.lang.String)
com.pegasusgames.generalquiz.MainActivity$NativeBridge: void purchase(java.lang.String)
com.pegasusgames.generalquiz.MainActivity$NativeBridge: void showBannerAd()
com.pegasusgames.generalquiz.MainActivity$NativeBridge: void hideBannerAd()
...
com.google.firebase.FirebaseApp: void initializeAllApis()
com.applovin.impl.q6: void a(int)
com.applovin.impl.sdk.network.d$b: boolean k(com.applovin.impl.sdk.network.d$b)
com.applovin.impl.k6: void a(com.applovin.impl.q8)
com.applovin.impl.sdk.network.b: void a(java.lang.Runnable,boolean,boolean)
com.applovin.impl.sdk.d$c: void a(com.applovin.impl.sdk.ad.b,java.lang.String)
com.google.android.material.textfield.TextInputLayout: void setErrorIconTintMode(android.graphics.PorterDuff$Mode)
com.applovin.impl.m7: com.applovin.impl.m7 a(java.lang.String,java.lang.String,java.lang.String)
com.applovin.impl.sdk.h$b: com.applovin.impl.sdk.h$c c()
com.applovin.shadow.okhttp3.RequestBody: com.applovin.shadow.okhttp3.RequestBody create(java.lang.String,com.applovin.shadow.okhttp3.MediaType)
com.applovin.impl.mediation.f: org.json.JSONArray b()
com.applovin.impl.z3: com.applovin.mediation.MaxAdFormat getFormat()
com.google.android.material.chip.Chip: void setCheckedIcon(android.graphics.drawable.Drawable)
com.iab.omid.library.applovin.walking.async.e: void b(java.lang.String)
com.applovin.impl.r7$d: r7$d(java.lang.String,int)
com.applovin.shadow.okhttp3.internal.http2.PushObserver$Companion$PushObserverCancel: boolean onData(int,com.applovin.shadow.okio.BufferedSource,int,boolean)
com.google.firebase.installations.FirebaseInstallations: java.lang.String getApiKey()
com.iab.omid.library.applovin.walking.c: com.iab.omid.library.applovin.walking.c[] values()
com.applovin.impl.sdk.nativeAd.AppLovinVastMediaView: void access$2200(com.applovin.impl.sdk.nativeAd.AppLovinVastMediaView)
com.applovin.shadow.okhttp3.Cache$CacheResponseBody: long contentLength()
com.applovin.shadow.okhttp3.internal.http2.Http2Connection$Builder: void setListener$okhttp(com.applovin.shadow.okhttp3.internal.http2.Http2Connection$Listener)
com.applovin.impl.l: void onAdCollapsed(com.applovin.mediation.MaxAd)
com.google.android.gms.measurement.internal.AppMeasurementDynamiteService: void setCurrentScreenByScionActivityInfo(com.google.android.gms.internal.measurement.zzdd,java.lang.String,java.lang.String,long)
com.applovin.impl.sdk.network.d$b: java.lang.String b(com.applovin.impl.sdk.network.d$b)
com.google.android.gms.ads.internal.util.client.zzf: java.lang.String zze()
com.iab.omid.library.applovin.adsession.DeviceCategory: com.iab.omid.library.applovin.adsession.DeviceCategory valueOf(java.lang.String)
com.applovin.impl.g3: java.lang.String k()
com.applovin.impl.g8$a: void onAnimationEnd(android.view.animation.Animation)
com.applovin.impl.sdk.nativeAd.AppLovinNativeAdImpl$Builder: java.util.List access$1700(com.applovin.impl.sdk.nativeAd.AppLovinNativeAdImpl$Builder)
com.applovin.impl.sdk.l: android.app.Activity w0()
com.applovin.shadow.okio.internal.ResourceFileSystem$toJarRoot$zip$1: ResourceFileSystem$toJarRoot$zip$1()
com.applovin.shadow.okhttp3.internal.http2.Http2Reader: void readSettings(com.applovin.shadow.okhttp3.internal.http2.Http2Reader$Handler,int,int,int)
com.google.android.gms.ads.internal.client.zzel: void zzk()
com.google.android.gms.ads.nativead.NativeAdView: android.view.View getCallToActionView()
com.google.firebase.datastorage.JavaDataStorage$editSync$1: JavaDataStorage$editSync$1(com.google.firebase.datastorage.JavaDataStorage,kotlin.jvm.functions.Function1,kotlin.coroutines.Continuation)
com.applovin.impl.e6: void e()
com.applovin.shadow.okio.FileHandle: boolean access$getClosed$p(com.applovin.shadow.okio.FileHandle)
com.applovin.shadow.okhttp3.internal.http2.Http2Connection: void writePing(boolean,int,int)
com.applovin.impl.sdk.AppLovinAdServiceImpl: java.util.Map getAndResetCustomQueryParams()
com.applovin.shadow.okhttp3.Cookie$Companion: Cookie$Companion(kotlin.jvm.internal.DefaultConstructorMarker)
com.applovin.impl.n6: n6(com.applovin.impl.v7,com.applovin.sdk.AppLovinAdLoadListener,com.applovin.impl.sdk.l)