GeneralQuiz/android/app/build/outputs/mapping/release/usage.txt
com.pegasusgames.generalquiz.MainActivity:
    private static final java.lang.String BANNER_AD_UNIT_ID
    private static final java.lang.String INTERSTITIAL_AD_UNIT_ID
    private static final java.lang.String PRODUCT_REMOVE_ADS
    private static final java.lang.String REWARDED_AD_UNIT_ID
    private static final int WEBVIEW_BG_COLOR
com.pegasusgames.generalquiz.R$id
com.pegasusgames.generalquiz.R$mipmap
com.pegasusgames.generalquiz.R$string
com.pegasusgames.generalquiz.R$style
com.pegasusgames.generalquiz.R$xml
com.pegasusgames.generalquiz.R
...
com.google.android.material.floatingactionbutton.FloatingActionButtonImpl$DisabledElevationAnimation
com.google.android.material.floatingactionbutton.FloatingActionButtonImpl$ElevateToHoveredFocusedTranslationZAnimation
com.google.android.material.floatingactionbutton.FloatingActionButtonImpl$ElevateToPressedTranslationZAnimation
com.google.android.material.floatingactionbutton.FloatingActionButtonImpl$InternalTransformationCallback
com.google.android.material.floatingactionbutton.FloatingActionButtonImpl$InternalVisibilityChangedListener
com.google.android.material.floatingactionbutton.FloatingActionButtonImpl$ResetElevationAnimation
com.google.android.material.floatingactionbutton.FloatingActionButtonImpl$ShadowAnimatorImpl
com.google.android.material.floatingactionbutton.FloatingActionButtonImpl
com.google.android.material.floatingactionbutton.FloatingActionButtonImplLollipop$AlwaysStatefulMaterialShapeDrawable
com.google.android.material.floatingactionbutton.FloatingActionButtonImplLollipop
com.google.android.material.floatingactionbutton.MotionStrategy:
    public abstract void addAnimationListener(android.animation.Animator$AnimatorListener)
    public abstract com.google.android.material.animation.MotionSpec getCurrentMotionSpec()
    public abstract int getDefaultMotionSpecResource()
    public abstract com.google.android.material.animation.MotionSpec getMotionSpec()
    public abstract void removeAnimationListener(android.animation.Animator$AnimatorListener)
    public abstract void setMotionSpec(com.google.android.material.animation.MotionSpec)
com.google.android.material.imageview.ShapeableImageView$OutlineProvider
com.google.android.material.imageview.ShapeableImageView
com.google.android.material.internal.BaselineLayout:
    public void <init>(android.content.Context)
    public void <init>(android.content.Context,android.util.AttributeSet,int)
com.google.android.material.internal.CheckableGroup$1
com.google.android.material.internal.CheckableGroup$OnCheckedStateChangeListener
com.google.android.material.internal.CheckableGroup
com.google.android.material.internal.CheckableImageButton:
    public void <init>(android.content.Context)
    public boolean isPressable()
com.google.android.material.internal.ClippableRoundedCornerLayout:
    public void <init>(android.content.Context)
    public void <init>(android.content.Context,android.util.AttributeSet,int)
    public void resetClipBoundsAndCornerRadius()
    public void updateClipBoundsAndCornerRadius(float,float,float,float,float)
    public void updateClipBoundsAndCornerRadius(android.graphics.Rect,float)
    public void updateClipBoundsAndCornerRadius(android.graphics.RectF,float)
    public void updateCornerRadius(float)
com.google.android.material.internal.CollapsingTextHelper$2